<?xml version="1.0" encoding="UTF-8"?>
<!-- Generated by org.testng.reporters.JUnitReportReporter -->
<testsuite hostname="DESKTOP-BLTQBPT" failures="0" tests="2" name="com.qa.demo.AutoTests.SearchTest" time="6.839" errors="0" timestamp="2022-02-16T22:21:58 IST" skipped="0">
  <testcase classname="com.qa.demo.AutoTests.SearchTest" name="searchtest" time="3.369"/>
  <system-out/>
  <testcase classname="com.qa.demo.AutoTests.SearchTest" name="searchtest" time="3.470"/>
  <system-out/>
</testsuite> <!-- com.qa.demo.AutoTests.SearchTest -->
