<?xml version="1.0" encoding="UTF-8"?>
<!-- Generated by org.testng.reporters.JUnitReportReporter -->
<testsuite hostname="DESKTOP-BLTQBPT" failures="0" tests="3" name="com.qa.demo.AutoTests.RegistrationTest" time="30.287" errors="0" timestamp="2022-02-16T22:12:57 IST" skipped="0">
  <testcase classname="com.qa.demo.AutoTests.RegistrationTest" name="validateRegisterPageOptions" time="16.093"/>
  <system-out/>
  <testcase classname="com.qa.demo.AutoTests.RegistrationTest" name="passwordScenarioandRegisterButtonTest" time="10.152"/>
  <system-out/>
  <testcase classname="com.qa.demo.AutoTests.RegistrationTest" name="registrationStatus" time="4.042"/>
  <system-out/>
</testsuite> <!-- com.qa.demo.AutoTests.RegistrationTest -->
