<?xml version="1.0" encoding="UTF-8"?>
<!-- Generated by org.testng.reporters.JUnitReportReporter -->
<testsuite hostname="DESKTOP-BLTQBPT" failures="0" tests="2" name="com.qa.demo.AutoTests.HomePageTest" time="14.356" errors="0" timestamp="2022-02-16T17:25:49 IST" skipped="0">
  <testcase classname="com.qa.demo.AutoTests.HomePageTest" name="launchUrlandValidatePageElements" time="3.762"/>
  <system-out/>
  <testcase classname="com.qa.demo.AutoTests.HomePageTest" name="scrollTest" time="10.594"/>
  <system-out/>
</testsuite> <!-- com.qa.demo.AutoTests.HomePageTest -->
